----------------------------- xHarbour Error Log ------------------------------

Date...............: 15/07/2016
Time...............: 09:50:50

Application name...: M:\Inffhox\CFE\cfe.exe
Workstation name...: LOJA2
Available memory...: 2995588
Current disk.......: M
Current directory..: Inffhox\CFE
Free disk space....: 231422660608

Operating system...: Windows  Windows Vista Professional 6.01.7601 Service Pack 1
xHarbour version...: xHarbour build 1.2.1 Intl. (SimpLex) (Rev. 6406)
xHarbour built on..: Mar 26 2009 15:15:51
C/C++ compiler.....: Borland C++ 5.8.2 (32 bit)
Multi Threading....: NO
VM Optimization....: 2

-------------------------- Environmental Information --------------------------

SET ALTERNATE......: OFF
SET ALTFILE........: 
SET AUTOPEN........: OFF
SET AUTORDER.......: 0
SET AUTOSHARE......: 0
SET BACKGROUNDTASKS: OFF
SET BACKGROUNDTICK.: 1000
SET BELL...........: OFF
SET BLINK..........: .F.
SET CANCEL.........: OFF
SET CENTURY........: ON
SET COLOR..........: W+/G,B/W,N/N,N/N,W+/G,W/B,N/R
SET CONFIRM........: ON
SET CONSOLE........: ON
SET COUNT..........: 0
SET CURSOR.........: 0
SET DATE FORMAT....: DD/MM/YYYY
SET DBFLOCKSCHEME..: 0
SET DEBUG..........: OFF
SET DECIMALS.......: 2
SET DEFAULT........: 
SET DEFEXTENSIONS..: ON
SET DELETED........: ON
SET DELIMCHARS.....: ::
SET DELIMETERS.....: OFF
SET DEVICE.........: SCREEN
SET DIRCASE........: 0
SET DIRSEPARATOR...: \
SET EOL............: 13
SET EPOCH..........: 1980
SET ERRORLOG.......: ERROS\CFEPEXTR.LOG,.T.
SET ERRORLOOP......: 8
SET ESCAPE.........: ON
SET EVENTMASK......: 128
SET EXACT..........: OFF
SET EXCLUSIVE......: ON
SET EXIT...........: OFF
SET EXTRA..........: OFF
SET EXTRAFILE......: 
SET FILECASE.......: 0
SET FIXED..........: OFF
SET FORCEOPT.......: OFF
SET HARDCOMMIT.....: ON
SET IDLEREPEAT.....: ON
SET INSERT.........: OFF
SET INTENSITY......: ON
SET LANGUAGE.......: PT
SET MARGIN.........: 0
SET MBLOCKSIZE.....: 0
SET MCENTER........: ON
SET MESSAGE........: 24
SET MFILEEXT.......: 
SET OPTIMIZE.......: ON
SET OUTPUTSAFETY...: ON
SET PATH...........: 
SET PRINTER........: OFF
SET PRINTERJOB.....: 
SET PRINTFILE......: LPT1
SET SCOREBOARD.....: OFF
SET SCROLLBREAK....: ON
SET SOFTSEEK.......: OFF
SET STRICTREAD.....: OFF
SET TRACE..........: ON
SET TRACEFILE......: TRACE.LOG
SET TRACESTACK.....: 2
SET TRIMFILENAME...: .F.
SET TYPEAHEAD......: 50
SET UNIQUE.........: OFF
SET VIDEOMODE......: 0
SET WRAP...........: ON

---------------------------Detailed Work Area Items----------------------------


-------------------- Internal Error Handling Information  ---------------------

Subsystem Call ....: TERM
System Code .......: 2014
Default Status ....: .T.
Description .......: Erro de cria‡Æo
Operation .........: LPT1.prn
Arguments .........: 
Involved File .....: 
Dos Error Code ....: 2

 Trace Through:
----------------
SET                   :       0 in Module: 
PB_LIGAIMP            :      78 in Module: impress.prg
CFEPEXTR              :      83 in Module: CFEPEXTR.PRG
(b)GETPROMPTS         :      48 in Module: edimenu.prg
SUBMENU               :      81 in Module: fazmenu.prg
SUBMENU               :      85 in Module: fazmenu.prg
FAZMENU               :      29 in Module: fazmenu.prg
MAIN                  :     191 in Module: CFE.PRG


############################## Video Screen Dump ##############################

+--------------------------------------------------------------------------------+
|º³2-Lan‡amentos...³                                                            º|
|º³3-Listagens...  ³ Ú[Selecao (C)]ÄÄÄÄÄÄÄÄÄÄÄÄÄÄÄÄÄÄÄÄÄÄÄÄÄÄÄÄÄÄÄÄÄÄÄÄÄÄÄÄÄÄÄÄÄ¿|
|º³4-CoÚÄÄÄÄÄÄÄÄÄÄÄÄÄ³ Tipo [A]nalitico [S]int‚tico.: A                         ³|
|º³5-S.³2-DPL /Client³ Selecionar Grupos de Produtos? N                         ³|
|ºÀÄÄÄÄ³3-DPL /Dt Ven³ Selecionar Diversos Produtos ? N                         ³|
|º F3 =³5-Ficha Finan³ Validar CFOP-Nat. Operacao   ? N                         ³|
|º F4 =³8-Vendas a Cl³ Emitente Inicial.............:  2089-MARIA ANGELA MENDES ³|
|º F5 =ÀÄÄÄÄÄÄÄÄÄÄÄÄÄ³ Emitente Final...............:  2089-MARIA ANGELA MENDES ³|
|º F7 =Cons.Parcelame³ Somar Mov Socio Todo Periodo.: N                         ³|
|º F6 =Calculadora   ³ Pular Pagina Emitente?.......: N                         ³|
|º F9 =Sel Impressora³ Data Emissao Inicial.........: 02/06/2016                ³|
|º F11=Calendario    ³ Data Emissao Final...........: 31/12/2016                ³|
|º                   ³ <L>istagem <E>xtrato Excel...: L                         ³|
|ÈÍÍÍÍÍÍÍÍÍÍÍÍÍÍÍÍÍÍÍÀÄÄÄÄÄÄÄÄÄÄÄÄÄÄÄÄÄÄÄÄÄÄÄÄÄÄÄÄÄÄÄÄÄÄÄÄÄÄÄÄÄÄÄÄÄÄÄÄÄÄÄÄÄÄÄÄÄÄÙ|
|                               M¢dulo de Clientes                               |
|Error TERM/2014  Erro de cria‡Æo: LPT1.prn Arguments: () (DOS Error 2)          |
|                                                                                |
|Error at ...: SET(0) in Module:                                                 |
|Called from : PB_LIGAIMP(78) in Module: impress.prg                             |
|Called from : CFEPEXTR(83) in Module: CFEPEXTR.PRG                              |
|Called from : (b)GETPROMPTS(48) in Module: edimenu.prg                          |
|Called from : SUBMENU(81) in Module: fazmenu.prg                                |
|Called from : SUBMENU(85) in Module: fazmenu.prg                                |
|Called from : FAZMENU(29) in Module: fazmenu.prg                                |
|Called from : MAIN(191) in Module: CFE.PRG                                      |
+--------------------------------------------------------------------------------+


----------------------------- xHarbour Error Log ------------------------------

Date...............: 04/09/2015
Time...............: 14:40:44

Application name...: C:\Inffhox\CFE\cfe.exe
Workstation name...: SERVIDOR
Available memory...: 4194303
Current disk.......: C
Current directory..: Inffhox\CFE
Free disk space....: 233128673280

Operating system...: Windows  Windows Vista Professional 6.01.7601 Service Pack 1
xHarbour version...: xHarbour build 1.2.1 Intl. (SimpLex) (Rev. 6406)
xHarbour built on..: Mar 26 2009 15:15:51
C/C++ compiler.....: Borland C++ 5.8.2 (32 bit)
Multi Threading....: NO
VM Optimization....: 2

-------------------------- Environmental Information --------------------------

SET ALTERNATE......: OFF
SET ALTFILE........: 
SET AUTOPEN........: OFF
SET AUTORDER.......: 0
SET AUTOSHARE......: 0
SET BACKGROUNDTASKS: OFF
SET BACKGROUNDTICK.: 1000
SET BELL...........: OFF
SET BLINK..........: .F.
SET CANCEL.........: OFF
SET CENTURY........: ON
SET COLOR..........: W+/G,B/W,N/N,N/N,W+/G
SET CONFIRM........: ON
SET CONSOLE........: ON
SET COUNT..........: 0
SET CURSOR.........: 0
SET DATE FORMAT....: DD/MM/YYYY
SET DBFLOCKSCHEME..: 0
SET DEBUG..........: OFF
SET DECIMALS.......: 2
SET DEFAULT........: 
SET DEFEXTENSIONS..: ON
SET DELETED........: ON
SET DELIMCHARS.....: ::
SET DELIMETERS.....: OFF
SET DEVICE.........: SCREEN
SET DIRCASE........: 0
SET DIRSEPARATOR...: \
SET EOL............: 13
SET EPOCH..........: 1980
SET ERRORLOG.......: ERROS\CFEPEXTR.LOG,.T.
SET ERRORLOOP......: 8
SET ESCAPE.........: ON
SET EVENTMASK......: 128
SET EXACT..........: OFF
SET EXCLUSIVE......: ON
SET EXIT...........: OFF
SET EXTRA..........: OFF
SET EXTRAFILE......: 
SET FILECASE.......: 0
SET FIXED..........: OFF
SET FORCEOPT.......: OFF
SET HARDCOMMIT.....: ON
SET IDLEREPEAT.....: ON
SET INSERT.........: OFF
SET INTENSITY......: ON
SET LANGUAGE.......: PT
SET MARGIN.........: 0
SET MBLOCKSIZE.....: 0
SET MCENTER........: ON
SET MESSAGE........: 24
SET MFILEEXT.......: 
SET OPTIMIZE.......: ON
SET OUTPUTSAFETY...: ON
SET PATH...........: 
SET PRINTER........: OFF
SET PRINTERJOB.....: 
SET PRINTFILE......: LPT1
SET SCOREBOARD.....: OFF
SET SCROLLBREAK....: ON
SET SOFTSEEK.......: OFF
SET STRICTREAD.....: OFF
SET TRACE..........: ON
SET TRACEFILE......: TRACE.LOG
SET TRACESTACK.....: 2
SET TRIMFILENAME...: .F.
SET TYPEAHEAD......: 50
SET UNIQUE.........: OFF
SET VIDEOMODE......: 0
SET WRAP...........: ON

---------------------------Detailed Work Area Items----------------------------


-------------------- Internal Error Handling Information  ---------------------

Subsystem Call ....: TERM
System Code .......: 2014
Default Status ....: .T.
Description .......: Erro de cria‡Æo
Operation .........: LPT1.prn
Arguments .........: 
Involved File .....: 
Dos Error Code ....: 2

 Trace Through:
----------------
SET                   :       0 in Module: 
PB_LIGAIMP            :      78 in Module: impress.prg
CFEPEXTR              :      83 in Module: CFEPEXTR.PRG
(b)GETPROMPTS         :      48 in Module: edimenu.prg
SUBMENU               :      81 in Module: fazmenu.prg
SUBMENU               :      85 in Module: fazmenu.prg
FAZMENU               :      29 in Module: fazmenu.prg
MAIN                  :     191 in Module: CFE.PRG


############################## Video Screen Dump ##############################

+--------------------------------------------------------------------------------+
|º³2-Lan‡amentos...³                                                            º|
|º³3-Listagens...  ³ Ú[Selecao (C)]ÄÄÄÄÄÄÄÄÄÄÄÄÄÄÄÄÄÄÄÄÄÄÄÄÄÄÄÄÄÄÄÄÄÄÄÄÄÄÄÄÄÄÄÄÄ¿|
|º³4-CoÚÄÄÄÄÄÄÄÄÄÄÄÄÄ³ Tipo [A]nalitico [S]int‚tico.: A                         ³|
|º³5-S.³2-DPL /Client³ Selecionar Grupos de Produtos? N                         ³|
|ºÀÄÄÄÄ³3-DPL /Dt Ven³ Selecionar Diversos Produtos ? N                         ³|
|º F3 =³5-Ficha Finan³ Validar CFOP-Nat. Operacao   ? N                         ³|
|º F4 =³8-Vendas a Cl³ Emitente Inicial.............:  1136-CLAUDIA GASNER      ³|
|º F5 =ÀÄÄÄÄÄÄÄÄÄÄÄÄÄ³ Emitente Final...............:  1136-CLAUDIA GASNER      ³|
|º F7 =Cons.Parcelame³ Somar Mov Socio Todo Periodo.: N                         ³|
|º F6 =Calculadora   ³ Pular Pagina Emitente?.......: N                         ³|
|º F9 =Sel Impressora³ Data Emissao Inicial.........: 01/01/2015                ³|
|º F11=Calendario    ³ Data Emissao Final...........: 31/12/2015                ³|
|º                   ³ <L>istagem <E>xtrato Excel...: L                         ³|
|ÈÍÍÍÍÍÍÍÍÍÍÍÍÍÍÍÍÍÍÍÀÄÄÄÄÄÄÄÄÄÄÄÄÄÄÄÄÄÄÄÄÄÄÄÄÄÄÄÄÄÄÄÄÄÄÄÄÄÄÄÄÄÄÄÄÄÄÄÄÄÄÄÄÄÄÄÄÄÄÙ|
|                               M¢dulo de Clientes                               |
|Error TERM/2014  Erro de cria‡Æo: LPT1.prn Arguments: () (DOS Error 2)          |
|                                                                                |
|Error at ...: SET(0) in Module:                                                 |
|Called from : PB_LIGAIMP(78) in Module: impress.prg                             |
|Called from : CFEPEXTR(83) in Module: CFEPEXTR.PRG                              |
|Called from : (b)GETPROMPTS(48) in Module: edimenu.prg                          |
|Called from : SUBMENU(81) in Module: fazmenu.prg                                |
|Called from : SUBMENU(85) in Module: fazmenu.prg                                |
|Called from : FAZMENU(29) in Module: fazmenu.prg                                |
|Called from : MAIN(191) in Module: CFE.PRG                                      |
+--------------------------------------------------------------------------------+


----------------------------- xHarbour Error Log ------------------------------

Date...............: 01/12/2014
Time...............: 09:41:37

Application name...: M:\Inffhox\CFE\cfe.exe
Workstation name...: RECEBIMENTO
Available memory...: 3148160
Current disk.......: M
Current directory..: Inffhox\CFE
Free disk space....: 235276554240

Operating system...: Windows  Windows Vista Professional 6.01.7601 Service Pack 1
xHarbour version...: xHarbour build 1.2.1 Intl. (SimpLex) (Rev. 6406)
xHarbour built on..: Mar 26 2009 15:15:51
C/C++ compiler.....: Borland C++ 5.8.2 (32 bit)
Multi Threading....: NO
VM Optimization....: 2

-------------------------- Environmental Information --------------------------

SET ALTERNATE......: OFF
SET ALTFILE........: 
SET AUTOPEN........: OFF
SET AUTORDER.......: 0
SET AUTOSHARE......: 0
SET BACKGROUNDTASKS: OFF
SET BACKGROUNDTICK.: 1000
SET BELL...........: OFF
SET BLINK..........: .F.
SET CANCEL.........: OFF
SET CENTURY........: ON
SET COLOR..........: W+/G,B/W,N/N,N/N,W+/G,W/B,N/R,W/B,N/R,W/B,N/R,W/B,N/R,W/B
SET CONFIRM........: ON
SET CONSOLE........: ON
SET COUNT..........: 0
SET CURSOR.........: 0
SET DATE FORMAT....: DD/MM/YYYY
SET DBFLOCKSCHEME..: 0
SET DEBUG..........: OFF
SET DECIMALS.......: 2
SET DEFAULT........: 
SET DEFEXTENSIONS..: ON
SET DELETED........: ON
SET DELIMCHARS.....: ::
SET DELIMETERS.....: OFF
SET DEVICE.........: SCREEN
SET DIRCASE........: 0
SET DIRSEPARATOR...: \
SET EOL............: 13
SET EPOCH..........: 1980
SET ERRORLOG.......: ERROS\CFEPEXTR.LOG,.T.
SET ERRORLOOP......: 8
SET ESCAPE.........: ON
SET EVENTMASK......: 128
SET EXACT..........: OFF
SET EXCLUSIVE......: ON
SET EXIT...........: OFF
SET EXTRA..........: OFF
SET EXTRAFILE......: 
SET FILECASE.......: 0
SET FIXED..........: OFF
SET FORCEOPT.......: OFF
SET HARDCOMMIT.....: ON
SET IDLEREPEAT.....: ON
SET INSERT.........: OFF
SET INTENSITY......: ON
SET LANGUAGE.......: PT
SET MARGIN.........: 0
SET MBLOCKSIZE.....: 0
SET MCENTER........: ON
SET MESSAGE........: 24
SET MFILEEXT.......: 
SET OPTIMIZE.......: ON
SET OUTPUTSAFETY...: ON
SET PATH...........: 
SET PRINTER........: OFF
SET PRINTERJOB.....: 
SET PRINTFILE......: LPT1
SET SCOREBOARD.....: OFF
SET SCROLLBREAK....: ON
SET SOFTSEEK.......: OFF
SET STRICTREAD.....: OFF
SET TRACE..........: ON
SET TRACEFILE......: TRACE.LOG
SET TRACESTACK.....: 2
SET TRIMFILENAME...: .F.
SET TYPEAHEAD......: 50
SET UNIQUE.........: OFF
SET VIDEOMODE......: 0
SET WRAP...........: ON

---------------------------Detailed Work Area Items----------------------------


-------------------- Internal Error Handling Information  ---------------------

Subsystem Call ....: TERM
System Code .......: 2014
Default Status ....: .T.
Description .......: Erro de cria‡Æo
Operation .........: LPT1.prn
Arguments .........: 
Involved File .....: 
Dos Error Code ....: 2

 Trace Through:
----------------
SET                   :       0 in Module: 
PB_LIGAIMP            :      78 in Module: impress.prg
CFEPEXTR              :      83 in Module: CFEPEXTR.PRG
(b)GETPROMPTS         :      48 in Module: edimenu.prg
SUBMENU               :      81 in Module: fazmenu.prg
SUBMENU               :      85 in Module: fazmenu.prg
FAZMENU               :      29 in Module: fazmenu.prg
MAIN                  :     191 in Module: CFE.PRG


############################## Video Screen Dump ##############################

+--------------------------------------------------------------------------------+
|º³2-Lan‡amentos...³                                                            º|
|º³3-Listagens...  ³ Ú[Selecao (C)]ÄÄÄÄÄÄÄÄÄÄÄÄÄÄÄÄÄÄÄÄÄÄÄÄÄÄÄÄÄÄÄÄÄÄÄÄÄÄÄÄÄÄÄÄÄ¿|
|º³4-CoÚÄÄÄÄÄÄÄÄÄÄÄÄÄ³ Tipo [A]nalitico [S]int‚tico.: A                         ³|
|º³5-S.³2-DPL /Client³ Selecionar Grupos de Produtos? N                         ³|
|ºÀÄÄÄÄ³3-DPL /Dt Ven³ Selecionar Diversos Produtos ? N                         ³|
|º F3 =³5-Ficha Finan³ Validar CFOP-Nat. Operacao   ? N                         ³|
|º F4 =³8-Vendas a Cl³ Emitente Inicial.............:  3452-SONIRA ANTUNES MORE ³|
|º F5 =ÀÄÄÄÄÄÄÄÄÄÄÄÄÄ³ Emitente Final...............:  3452-SONIRA ANTUNES MORE ³|
|º F7 =Cons.Parcelame³ Somar Mov Socio Todo Periodo.: N                         ³|
|º F6 =Calculadora   ³ Pular Pagina Emitente?.......: N                         ³|
|º F9 =Sel Impressora³ Data Emissao Inicial.........: 01/01/2014                ³|
|º F11=Calendario    ³ Data Emissao Final...........: 31/12/2014                ³|
|º                   ³ <L>istagem <E>xtrato Excel...: L                         ³|
|ÈÍÍÍÍÍÍÍÍÍÍÍÍÍÍÍÍÍÍÍÀÄÄÄÄÄÄÄÄÄÄÄÄÄÄÄÄÄÄÄÄÄÄÄÄÄÄÄÄÄÄÄÄÄÄÄÄÄÄÄÄÄÄÄÄÄÄÄÄÄÄÄÄÄÄÄÄÄÄÙ|
|                               M¢dulo de Clientes                               |
|Error TERM/2014  Erro de cria‡Æo: LPT1.prn Arguments: () (DOS Error 2)          |
|                                                                                |
|Error at ...: SET(0) in Module:                                                 |
|Called from : PB_LIGAIMP(78) in Module: impress.prg                             |
|Called from : CFEPEXTR(83) in Module: CFEPEXTR.PRG                              |
|Called from : (b)GETPROMPTS(48) in Module: edimenu.prg                          |
|Called from : SUBMENU(81) in Module: fazmenu.prg                                |
|Called from : SUBMENU(85) in Module: fazmenu.prg                                |
|Called from : FAZMENU(29) in Module: fazmenu.prg                                |
|Called from : MAIN(191) in Module: CFE.PRG                                      |
+--------------------------------------------------------------------------------+


----------------------------- xHarbour Error Log ------------------------------

Date...............: 24/06/2014
Time...............: 14:03:07

Application name...: M:\Inffhox\CFE\cfe.exe
Workstation name...: LOJA2
Available memory...: 3238444
Current disk.......: M
Current directory..: Inffhox\CFE
Free disk space....: 236494139392

Operating system...: Windows  Windows Vista Professional 6.01.7601 Service Pack 1
xHarbour version...: xHarbour build 1.2.1 Intl. (SimpLex) (Rev. 6406)
xHarbour built on..: Mar 26 2009 15:15:51
C/C++ compiler.....: Borland C++ 5.8.2 (32 bit)
Multi Threading....: NO
VM Optimization....: 2

-------------------------- Environmental Information --------------------------

SET ALTERNATE......: OFF
SET ALTFILE........: 
SET AUTOPEN........: OFF
SET AUTORDER.......: 0
SET AUTOSHARE......: 0
SET BACKGROUNDTASKS: OFF
SET BACKGROUNDTICK.: 1000
SET BELL...........: OFF
SET BLINK..........: .F.
SET CANCEL.........: OFF
SET CENTURY........: ON
SET COLOR..........: W+/G,B/W,N/N,N/N,W+/G,W/B,N/R,W/B,N/R,W/B,N/R,W/B,N/R
SET CONFIRM........: ON
SET CONSOLE........: ON
SET COUNT..........: 0
SET CURSOR.........: 0
SET DATE FORMAT....: DD/MM/YYYY
SET DBFLOCKSCHEME..: 0
SET DEBUG..........: OFF
SET DECIMALS.......: 2
SET DEFAULT........: 
SET DEFEXTENSIONS..: ON
SET DELETED........: ON
SET DELIMCHARS.....: ::
SET DELIMETERS.....: OFF
SET DEVICE.........: SCREEN
SET DIRCASE........: 0
SET DIRSEPARATOR...: \
SET EOL............: 13
SET EPOCH..........: 1980
SET ERRORLOG.......: ERROS\CFEPEXTR.LOG,.T.
SET ERRORLOOP......: 8
SET ESCAPE.........: ON
SET EVENTMASK......: 128
SET EXACT..........: OFF
SET EXCLUSIVE......: ON
SET EXIT...........: OFF
SET EXTRA..........: OFF
SET EXTRAFILE......: 
SET FILECASE.......: 0
SET FIXED..........: OFF
SET FORCEOPT.......: OFF
SET HARDCOMMIT.....: ON
SET IDLEREPEAT.....: ON
SET INSERT.........: OFF
SET INTENSITY......: ON
SET LANGUAGE.......: PT
SET MARGIN.........: 0
SET MBLOCKSIZE.....: 0
SET MCENTER........: ON
SET MESSAGE........: 24
SET MFILEEXT.......: 
SET OPTIMIZE.......: ON
SET OUTPUTSAFETY...: ON
SET PATH...........: 
SET PRINTER........: OFF
SET PRINTERJOB.....: 
SET PRINTFILE......: LPT1
SET SCOREBOARD.....: OFF
SET SCROLLBREAK....: ON
SET SOFTSEEK.......: OFF
SET STRICTREAD.....: OFF
SET TRACE..........: ON
SET TRACEFILE......: TRACE.LOG
SET TRACESTACK.....: 2
SET TRIMFILENAME...: .F.
SET TYPEAHEAD......: 50
SET UNIQUE.........: OFF
SET VIDEOMODE......: 0
SET WRAP...........: ON

---------------------------Detailed Work Area Items----------------------------


-------------------- Internal Error Handling Information  ---------------------

Subsystem Call ....: TERM
System Code .......: 2014
Default Status ....: .T.
Description .......: Erro de cria‡Æo
Operation .........: LPT1.prn
Arguments .........: 
Involved File .....: 
Dos Error Code ....: 2

 Trace Through:
----------------
SET                   :       0 in Module: 
PB_LIGAIMP            :      78 in Module: impress.prg
CFEPEXTR              :      83 in Module: CFEPEXTR.PRG
(b)GETPROMPTS         :      48 in Module: edimenu.prg
SUBMENU               :      81 in Module: fazmenu.prg
SUBMENU               :      85 in Module: fazmenu.prg
FAZMENU               :      29 in Module: fazmenu.prg
MAIN                  :     191 in Module: CFE.PRG


############################## Video Screen Dump ##############################

+--------------------------------------------------------------------------------+
|º³2-Lan‡amentos...³                                                            º|
|º³3-Listagens...  ³ Ú[Selecao (C)]ÄÄÄÄÄÄÄÄÄÄÄÄÄÄÄÄÄÄÄÄÄÄÄÄÄÄÄÄÄÄÄÄÄÄÄÄÄÄÄÄÄÄÄÄÄ¿|
|º³4-CoÚÄÄÄÄÄÄÄÄÄÄÄÄÄ³ Tipo [A]nalitico [S]int‚tico.: A                         ³|
|º³5-S.³5-Ficha Finan³ Selecionar Grupos de Produtos? N                         ³|
|ºÀÄÄÄÄ³8-Vendas a Cl³ Selecionar Diversos Produtos ? N                         ³|
|º F3 =ÀÄÄÄÄÄÄÄÄÄÄÄÄÄ³ Validar CFOP-Nat. Operacao   ? N                         ³|
|º F4 =Cons.Clientes ³ Emitente Inicial.............:  3357-ANA CLAUDIA SCARABO ³|
|º F5 =Cons.Produtos ³ Emitente Final...............:  3357-ANA CLAUDIA SCARABO ³|
|º F7 =Cons.Parcelame³ Somar Mov Socio Todo Periodo.: N                         ³|
|º F6 =Calculadora   ³ Pular Pagina Emitente?.......: N                         ³|
|º F9 =Sel Impressora³ Data Emissao Inicial.........: 17/05/2013                ³|
|º F11=Calendario    ³ Data Emissao Final...........: 17/05/2013                ³|
|º                   ³ <L>istagem <E>xtrato Excel...: L                         ³|
|ÈÍÍÍÍÍÍÍÍÍÍÍÍÍÍÍÍÍÍÍÀÄÄÄÄÄÄÄÄÄÄÄÄÄÄÄÄÄÄÄÄÄÄÄÄÄÄÄÄÄÄÄÄÄÄÄÄÄÄÄÄÄÄÄÄÄÄÄÄÄÄÄÄÄÄÄÄÄÄÙ|
|                               M¢dulo de Clientes                               |
|Error TERM/2014  Erro de cria‡Æo: LPT1.prn Arguments: () (DOS Error 2)          |
|                                                                                |
|Error at ...: SET(0) in Module:                                                 |
|Called from : PB_LIGAIMP(78) in Module: impress.prg                             |
|Called from : CFEPEXTR(83) in Module: CFEPEXTR.PRG                              |
|Called from : (b)GETPROMPTS(48) in Module: edimenu.prg                          |
|Called from : SUBMENU(81) in Module: fazmenu.prg                                |
|Called from : SUBMENU(85) in Module: fazmenu.prg                                |
|Called from : FAZMENU(29) in Module: fazmenu.prg                                |
|Called from : MAIN(191) in Module: CFE.PRG                                      |
+--------------------------------------------------------------------------------+


