----------------------------- xHarbour Error Log ------------------------------

Date...............: 01/10/2014
Time...............: 10:57:58

Application name...: M:\Inffhox\CFE\cfe.exe
Workstation name...: LOJA2
Available memory...: 3151064
Current disk.......: M
Current directory..: Inffhox\CFE
Free disk space....: 235863797760

Operating system...: Windows  Windows Vista Professional 6.01.7601 Service Pack 1
xHarbour version...: xHarbour build 1.2.1 Intl. (SimpLex) (Rev. 6406)
xHarbour built on..: Mar 26 2009 15:15:51
C/C++ compiler.....: Borland C++ 5.8.2 (32 bit)
Multi Threading....: NO
VM Optimization....: 2

-------------------------- Environmental Information --------------------------

SET ALTERNATE......: OFF
SET ALTFILE........: 
SET AUTOPEN........: OFF
SET AUTORDER.......: 0
SET AUTOSHARE......: 0
SET BACKGROUNDTASKS: OFF
SET BACKGROUNDTICK.: 1000
SET BELL...........: OFF
SET BLINK..........: .F.
SET CANCEL.........: OFF
SET CENTURY........: ON
SET COLOR..........: W+/B,B/W,N/N,N/N,W+/B
SET CONFIRM........: ON
SET CONSOLE........: ON
SET COUNT..........: 0
SET CURSOR.........: 0
SET DATE FORMAT....: DD/MM/YYYY
SET DBFLOCKSCHEME..: 0
SET DEBUG..........: OFF
SET DECIMALS.......: 2
SET DEFAULT........: 
SET DEFEXTENSIONS..: ON
SET DELETED........: ON
SET DELIMCHARS.....: ::
SET DELIMETERS.....: OFF
SET DEVICE.........: SCREEN
SET DIRCASE........: 0
SET DIRSEPARATOR...: \
SET EOL............: 13
SET EPOCH..........: 1980
SET ERRORLOG.......: ERROS\CFEP4100.LOG,.T.
SET ERRORLOOP......: 8
SET ESCAPE.........: ON
SET EVENTMASK......: 128
SET EXACT..........: OFF
SET EXCLUSIVE......: ON
SET EXIT...........: OFF
SET EXTRA..........: OFF
SET EXTRAFILE......: 
SET FILECASE.......: 0
SET FIXED..........: OFF
SET FORCEOPT.......: OFF
SET HARDCOMMIT.....: ON
SET IDLEREPEAT.....: ON
SET INSERT.........: OFF
SET INTENSITY......: ON
SET LANGUAGE.......: PT
SET MARGIN.........: 0
SET MBLOCKSIZE.....: 0
SET MCENTER........: ON
SET MESSAGE........: 24
SET MFILEEXT.......: 
SET OPTIMIZE.......: ON
SET OUTPUTSAFETY...: ON
SET PATH...........: 
SET PRINTER........: OFF
SET PRINTERJOB.....: 
SET PRINTFILE......: PRN
SET SCOREBOARD.....: OFF
SET SCROLLBREAK....: ON
SET SOFTSEEK.......: OFF
SET STRICTREAD.....: OFF
SET TRACE..........: ON
SET TRACEFILE......: TRACE.LOG
SET TRACESTACK.....: 2
SET TRIMFILENAME...: .F.
SET TYPEAHEAD......: 50
SET UNIQUE.........: OFF
SET VIDEOMODE......: 0
SET WRAP...........: ON

---------------------------Detailed Work Area Items----------------------------


-------------------- Internal Error Handling Information  ---------------------

Subsystem Call ....: BASE
System Code .......: 1003
Default Status ....: .F.
Description .......: Varivel nฦo existe
Operation .........: GE_CODGR
Arguments .........: 
Involved File .....: 
Dos Error Code ....: 0

 Trace Through:
----------------
(b)DBEDIT             :     301 in Module: source\rtl\dbedit.prg
TDATACACHE:FILLROW    :     469 in Module: source\rtl\tbrowse.prg
TDATACACHE:SYNCDATA   :     443 in Module: source\rtl\tbrowse.prg
TDATACACHE:GETCELLVAL :     411 in Module: source\rtl\tbrowse.prg
TBROWSE:DRAWROW       :   2,710 in Module: source\rtl\tbrowse.prg
TBROWSE:STABILIZE     :   2,501 in Module: source\rtl\tbrowse.prg
TBROWSE:FORCESTABLE   :   2,405 in Module: source\rtl\tbrowse.prg
DBEDIT                :     432 in Module: source\rtl\dbedit.prg
CFEP4100              :      28 in Module: CFEP4100.PRG
(b)GETPROMPTS         :      48 in Module: edimenu.prg
SUBMENU               :      81 in Module: fazmenu.prg
SUBMENU               :      85 in Module: fazmenu.prg
FAZMENU               :      29 in Module: fazmenu.prg
MAIN                  :     191 in Module: CFE.PRG


############################## Video Screen Dump ##############################

+--------------------------------------------------------------------------------+
|ณ Inffhox Desenvolvimentos                                            10:57:58 ณ|
|ภฤฤฤฤฤฤฤฤฤฤฤฤฤฤฤฤฤฤฤฤฤฤฤฤฤฤฤฤฤฤฤฤฤฤ1-GruposฤฤฤฤฤฤฤฤฤฤฤฤฤฤฤฤฤฤฤฤฤฤฤฤฤฤฤฤCFEP4100ู|
|ษออออออออออออออออออออออออออออออออออออออออออออออออออออออออออออออออออออออออออออออป|
|บ        Cขdigo     Descrio                        %Venda   Tipo             บ|
|บฤฤฤฤฤฤฤฤฤฤฤฤฤฤฤฤฤยฤฤฤฤฤฤฤฤฤฤฤฤฤฤฤฤฤฤฤฤฤฤฤฤฤฤฤฤฤฤฤฤยฤฤฤฤฤฤฤฤยฤฤฤฤฤฤฤฤฤฤฤฤฤฤฤฤฤฤบ|
|บ        01       ณ CONFECCOES                     ณ   0,00 ณ     GRUPO        บ|
|บ        02       ณ CALCADOS                       ณ   0,00 ณ     GRUPO        บ|
|บ        0ฺฤฤฤฤฤฤฤฤฤฤฤฤฤฤฤฤฤฤฤฤฤฤฤฤฤฤฤฤฤฤฤฤฤฤฤฤฤฤฤฤฤฤฤฤฤฤฤฤฤฤฤฤฤฤฤฤฤฤฤฟ        บ|
|บ        0ณ                                                           ณ        บ|
|Error BASE/1003  Varivel nฦo existe: GE_CODGR Arguments: ()          ณ        บ|
|บ         ณ                                                           ณ        บ|
|Error at ...: (b)DBEDIT(301) in Module: source\rtl\dbedit.prg         ณ        บ|
|Called from : TDATACACHE:FILLROW(469) in Module: source\rtl\tbrowse.prg        บ|
|Called from : TDATACACHE:SYNCDATA(443) in Module: source\rtl\tbrowse.prg       บ|
|Called from : TDATACACHE:GETCELLVALUE(411) in Module: source\rtl\tbrowse.prg   บ|
|Called from : TBROWSE:DRAWROW(2710) in Module: source\rtl\tbrowse.prg ณ        บ|
|Called from : TBROWSE:STABILIZE(2501) in Module: source\rtl\tbrowse.prg        บ|
|Called from : TBROWSE:FORCESTABLE(2405) in Module: source\rtl\tbrowse.prg      บ|
|Called from : DBEDIT(432) in Module: source\rtl\dbedit.prg  ณ                  บ|
|Called from : CFEP4100(28) in Module: CFEP4100.PRGอออออออออออออออออออออออออออออผ|
|Called from : (b)GETPROMPTS(48) in Module: edimenu.prg  6-Repass 0-Fim          |
|Called from : SUBMENU(81) in Module: fazmenu.prgm XML-CFE+SAG                   |
|Called from : SUBMENU(85) in Module: fazmenu.prg                                |
|Called from : FAZMENU(29) in Module: fazmenu.prg                                |
|Called from : MAIN(191) in Module: CFE.PRG                                      |
+--------------------------------------------------------------------------------+


